2020-12-03 15:38:58.712  INFO 7896 --- [main] com.example.ec.StylifyApplication        : The following profiles are active: default
2020-12-03 15:38:59.947  INFO 7896 --- [main] .s.d.r.c.RepositoryConfigurationDelegate : Bootstrapping Spring Data JPA repositories in DEFERRED mode.
2020-12-03 15:39:00.061  INFO 7896 --- [main] .s.d.r.c.RepositoryConfigurationDelegate : Finished Spring Data repository scanning in 105ms. Found 11 JPA repository interfaces.
2020-12-03 15:39:00.643  INFO 7896 --- [main] o.s.cloud.context.scope.GenericScope     : BeanFactory id=4c4e356d-7e0f-3acd-b690-02d3ac903baf
2020-12-03 15:39:00.821  INFO 7896 --- [main] trationDelegate$BeanPostProcessorChecker : Bean 'org.springframework.cloud.autoconfigure.ConfigurationPropertiesRebinderAutoConfiguration' of type [org.springframework.cloud.autoconfigure.ConfigurationPropertiesRebinderAutoConfiguration$$EnhancerBySpringCGLIB$$b02b428b] is not eligible for getting processed by all BeanPostProcessors (for example: not eligible for auto-proxying)
2020-12-03 15:39:01.141  INFO 7896 --- [main] o.s.b.w.embedded.tomcat.TomcatWebServer  : Tomcat initialized with port(s): 8080 (http)
2020-12-03 15:39:01.152  INFO 7896 --- [main] o.apache.catalina.core.StandardService   : Starting service [Tomcat]
2020-12-03 15:39:01.152  INFO 7896 --- [main] org.apache.catalina.core.StandardEngine  : Starting Servlet engine: [Apache Tomcat/9.0.39]
2020-12-03 15:39:01.357  INFO 7896 --- [main] o.a.c.c.C.[Tomcat].[localhost].[/]       : Initializing Spring embedded WebApplicationContext
2020-12-03 15:39:01.358  INFO 7896 --- [main] w.s.c.ServletWebServerApplicationContext : Root WebApplicationContext: initialization completed in 2619 ms
2020-12-03 15:39:01.720  INFO 7896 --- [main] com.zaxxer.hikari.HikariDataSource       : HikariPool-1 - Starting...
2020-12-03 15:39:01.839  INFO 7896 --- [main] com.zaxxer.hikari.HikariDataSource       : HikariPool-1 - Start completed.
2020-12-03 15:39:01.845  INFO 7896 --- [main] o.s.b.a.h2.H2ConsoleAutoConfiguration    : H2 console available at '/h2-console'. Database available at 'jdbc:h2:mem:testdb'
2020-12-03 15:39:02.073  INFO 7896 --- [main] o.f.c.internal.license.VersionPrinter    : Flyway Community Edition 6.4.4 by Redgate
2020-12-03 15:39:02.081  INFO 7896 --- [main] o.f.c.internal.database.DatabaseFactory  : Database: jdbc:h2:mem:testdb (H2 1.4)
2020-12-03 15:39:02.138  INFO 7896 --- [main] o.f.core.internal.command.DbValidate     : Successfully validated 3 migrations (execution time 00:00.020s)
2020-12-03 15:39:02.148  INFO 7896 --- [main] o.f.c.i.s.JdbcTableSchemaHistory         : Creating Schema History table "PUBLIC"."flyway_schema_history" ...
2020-12-03 15:39:02.186  INFO 7896 --- [main] o.f.core.internal.command.DbMigrate      : Current version of schema "PUBLIC": << Empty Schema >>
2020-12-03 15:39:02.190  INFO 7896 --- [main] o.f.core.internal.command.DbMigrate      : Migrating schema "PUBLIC" to version 1.1 - CreateDisplayServicePackagesSchema
2020-12-03 15:39:02.214  INFO 7896 --- [main] o.f.core.internal.command.DbMigrate      : Migrating schema "PUBLIC" to version 1.2 - CreateDisplayServicesSchema
2020-12-03 15:39:02.239  INFO 7896 --- [main] o.f.core.internal.command.DbMigrate      : Migrating schema "PUBLIC" to version 1.3 - CreateMyServiceProviderScheduleSchema
2020-12-03 15:39:02.251  INFO 7896 --- [main] o.f.core.internal.command.DbMigrate      : Successfully applied 3 migrations to schema "PUBLIC" (execution time 00:00.069s)
2020-12-03 15:39:02.399  INFO 7896 --- [main] o.s.s.concurrent.ThreadPoolTaskExecutor  : Initializing ExecutorService 'applicationTaskExecutor'
2020-12-03 15:39:02.462  INFO 7896 --- [task-1] o.hibernate.jpa.internal.util.LogHelper  : HHH000204: Processing PersistenceUnitInfo [name: default]
2020-12-03 15:39:02.515  INFO 7896 --- [task-1] org.hibernate.Version                    : HHH000412: Hibernate ORM core version 5.4.22.Final
2020-12-03 15:39:02.582  WARN 7896 --- [main] JpaBaseConfiguration$JpaWebConfiguration : spring.jpa.open-in-view is enabled by default. Therefore, database queries may be performed during view rendering. Explicitly configure spring.jpa.open-in-view to disable this warning
2020-12-03 15:39:02.730  INFO 7896 --- [task-1] o.hibernate.annotations.common.Version   : HCANN000001: Hibernate Commons Annotations {5.1.0.Final}
2020-12-03 15:39:02.876  INFO 7896 --- [task-1] org.hibernate.dialect.Dialect            : HHH000400: Using dialect: org.hibernate.dialect.H2Dialect
2020-12-03 15:39:03.575  INFO 7896 --- [task-1] o.h.e.t.j.p.i.JtaPlatformInitiator       : HHH000490: Using JtaPlatform implementation: [org.hibernate.engine.transaction.jta.platform.internal.NoJtaPlatform]
2020-12-03 15:39:03.585  INFO 7896 --- [task-1] j.LocalContainerEntityManagerFactoryBean : Initialized JPA EntityManagerFactory for persistence unit 'default'
2020-12-03 15:39:04.336  INFO 7896 --- [main] o.s.s.web.DefaultSecurityFilterChain     : Creating filter chain: OrRequestMatcher [requestMatchers=[Ant [pattern='/oauth/token'], Ant [pattern='/oauth/token_key'], Ant [pattern='/oauth/check_token']]], [org.springframework.security.web.context.request.async.WebAsyncManagerIntegrationFilter@3aed692d, org.springframework.security.web.context.SecurityContextPersistenceFilter@65f470f8, org.springframework.security.web.header.HeaderWriterFilter@467cd4b9, org.springframework.security.web.authentication.logout.LogoutFilter@4a3516fd, org.springframework.security.web.authentication.www.BasicAuthenticationFilter@331ad6eb, org.springframework.security.web.savedrequest.RequestCacheAwareFilter@77226121, org.springframework.security.web.servletapi.SecurityContextHolderAwareRequestFilter@1978b0d5, org.springframework.security.web.authentication.AnonymousAuthenticationFilter@4eec5fa6, org.springframework.security.web.session.SessionManagementFilter@52325940, org.springframework.security.web.access.ExceptionTranslationFilter@64a7ad02, org.springframework.security.web.access.intercept.FilterSecurityInterceptor@4b9b5da5]
2020-12-03 15:39:04.345  INFO 7896 --- [main] o.s.s.web.DefaultSecurityFilterChain     : Creating filter chain: org.springframework.security.oauth2.config.annotation.web.configuration.ResourceServerConfiguration$NotOAuthRequestMatcher@121dac1a, [org.springframework.security.web.context.request.async.WebAsyncManagerIntegrationFilter@6d946eee, org.springframework.security.web.context.SecurityContextPersistenceFilter@2336d3f, org.springframework.security.web.header.HeaderWriterFilter@3703a400, org.springframework.security.web.authentication.logout.LogoutFilter@6c4786af, org.springframework.security.oauth2.provider.authentication.OAuth2AuthenticationProcessingFilter@447543ee, org.springframework.security.web.savedrequest.RequestCacheAwareFilter@7f5ecada, org.springframework.security.web.servletapi.SecurityContextHolderAwareRequestFilter@55574295, org.springframework.security.web.authentication.AnonymousAuthenticationFilter@23dc70c1, org.springframework.security.web.session.SessionManagementFilter@22105c76, org.springframework.security.web.access.ExceptionTranslationFilter@1dac0784, org.springframework.security.web.access.intercept.FilterSecurityInterceptor@5a654e05]
2020-12-03 15:39:04.347  INFO 7896 --- [main] o.s.s.web.DefaultSecurityFilterChain     : Creating filter chain: any request, [org.springframework.security.web.context.request.async.WebAsyncManagerIntegrationFilter@31450fc0, org.springframework.security.web.context.SecurityContextPersistenceFilter@6065bcb7, org.springframework.security.web.header.HeaderWriterFilter@5c459194, org.springframework.security.web.authentication.logout.LogoutFilter@1842dc39, org.springframework.security.web.authentication.www.BasicAuthenticationFilter@314c6f89, org.springframework.security.web.savedrequest.RequestCacheAwareFilter@1ee6434, org.springframework.security.web.servletapi.SecurityContextHolderAwareRequestFilter@71d78cac, org.springframework.security.web.authentication.AnonymousAuthenticationFilter@52b30dcd, org.springframework.security.web.session.SessionManagementFilter@61d8a491, org.springframework.security.web.access.ExceptionTranslationFilter@18df26a1, org.springframework.security.web.access.intercept.FilterSecurityInterceptor@125124ea]
2020-12-03 15:39:04.530  INFO 7896 --- [main] o.s.b.a.w.s.WelcomePageHandlerMapping    : Adding welcome page: class path resource [static/index.html]
2020-12-03 15:39:05.441  INFO 7896 --- [main] o.s.b.a.e.web.EndpointLinksResolver      : Exposing 2 endpoint(s) beneath base path '/actuator'
2020-12-03 15:39:05.531  INFO 7896 --- [main] o.s.b.w.embedded.tomcat.TomcatWebServer  : Tomcat started on port(s): 8080 (http) with context path ''
2020-12-03 15:39:05.534  INFO 7896 --- [main] DeferredRepositoryInitializationListener : Triggering deferred initialization of Spring Data repositories…
2020-12-03 15:39:05.639  INFO 7896 --- [main] DeferredRepositoryInitializationListener : Spring Data repositories initialized!
2020-12-03 15:39:05.653  INFO 7896 --- [main] com.example.ec.StylifyApplication        : Started StylifyApplication in 9.551 seconds (JVM running for 11.97)
2020-12-03 15:39:06.288  INFO 7896 --- [RMI TCP Connection(7)-192.168.99.1] o.a.c.c.C.[Tomcat].[localhost].[/]       : Initializing Spring DispatcherServlet 'dispatcherServlet'
2020-12-03 15:39:06.288  INFO 7896 --- [RMI TCP Connection(7)-192.168.99.1] o.s.web.servlet.DispatcherServlet        : Initializing Servlet 'dispatcherServlet'
2020-12-03 15:39:06.299  INFO 7896 --- [RMI TCP Connection(7)-192.168.99.1] o.s.web.servlet.DispatcherServlet        : Completed initialization in 11 ms
2020-12-03 15:39:42.744  INFO 12232 --- [main] com.example.ec.StylifyApplication        : The following profiles are active: default
2020-12-03 15:39:43.479  INFO 12232 --- [main] .s.d.r.c.RepositoryConfigurationDelegate : Bootstrapping Spring Data JPA repositories in DEFERRED mode.
2020-12-03 15:39:43.549  INFO 12232 --- [main] .s.d.r.c.RepositoryConfigurationDelegate : Finished Spring Data repository scanning in 65ms. Found 11 JPA repository interfaces.
2020-12-03 15:39:43.866  INFO 12232 --- [main] o.s.cloud.context.scope.GenericScope     : BeanFactory id=4c4e356d-7e0f-3acd-b690-02d3ac903baf
2020-12-03 15:39:43.955  INFO 12232 --- [main] trationDelegate$BeanPostProcessorChecker : Bean 'org.springframework.cloud.autoconfigure.ConfigurationPropertiesRebinderAutoConfiguration' of type [org.springframework.cloud.autoconfigure.ConfigurationPropertiesRebinderAutoConfiguration$$EnhancerBySpringCGLIB$$69b44b99] is not eligible for getting processed by all BeanPostProcessors (for example: not eligible for auto-proxying)
2020-12-03 15:39:44.153  INFO 12232 --- [main] o.s.b.w.embedded.tomcat.TomcatWebServer  : Tomcat initialized with port(s): 8080 (http)
2020-12-03 15:39:44.159  INFO 12232 --- [main] o.apache.catalina.core.StandardService   : Starting service [Tomcat]
2020-12-03 15:39:44.159  INFO 12232 --- [main] org.apache.catalina.core.StandardEngine  : Starting Servlet engine: [Apache Tomcat/9.0.39]
2020-12-03 15:39:44.292  INFO 12232 --- [main] o.a.c.c.C.[Tomcat].[localhost].[/]       : Initializing Spring embedded WebApplicationContext
2020-12-03 15:39:44.293  INFO 12232 --- [main] w.s.c.ServletWebServerApplicationContext : Root WebApplicationContext: initialization completed in 1539 ms
2020-12-03 15:39:44.493  INFO 12232 --- [main] com.zaxxer.hikari.HikariDataSource       : HikariPool-1 - Starting...
2020-12-03 15:39:44.566  INFO 12232 --- [main] com.zaxxer.hikari.HikariDataSource       : HikariPool-1 - Start completed.
2020-12-03 15:39:44.570  INFO 12232 --- [main] o.s.b.a.h2.H2ConsoleAutoConfiguration    : H2 console available at '/h2-console'. Database available at 'jdbc:h2:mem:testdb'
2020-12-03 15:39:44.759  INFO 12232 --- [main] o.f.c.internal.license.VersionPrinter    : Flyway Community Edition 6.4.4 by Redgate
2020-12-03 15:39:44.766  INFO 12232 --- [main] o.f.c.internal.database.DatabaseFactory  : Database: jdbc:h2:mem:testdb (H2 1.4)
2020-12-03 15:39:44.814  INFO 12232 --- [main] o.f.core.internal.command.DbValidate     : Successfully validated 3 migrations (execution time 00:00.018s)
2020-12-03 15:39:44.824  INFO 12232 --- [main] o.f.c.i.s.JdbcTableSchemaHistory         : Creating Schema History table "PUBLIC"."flyway_schema_history" ...
2020-12-03 15:39:44.860  INFO 12232 --- [main] o.f.core.internal.command.DbMigrate      : Current version of schema "PUBLIC": << Empty Schema >>
2020-12-03 15:39:44.864  INFO 12232 --- [main] o.f.core.internal.command.DbMigrate      : Migrating schema "PUBLIC" to version 1.1 - CreateDisplayServicePackagesSchema
2020-12-03 15:39:44.886  INFO 12232 --- [main] o.f.core.internal.command.DbMigrate      : Migrating schema "PUBLIC" to version 1.2 - CreateDisplayServicesSchema
2020-12-03 15:39:44.912  INFO 12232 --- [main] o.f.core.internal.command.DbMigrate      : Migrating schema "PUBLIC" to version 1.3 - CreateMyServiceProviderScheduleSchema
2020-12-03 15:39:44.921  INFO 12232 --- [main] o.f.core.internal.command.DbMigrate      : Successfully applied 3 migrations to schema "PUBLIC" (execution time 00:00.065s)
2020-12-03 15:39:45.017  INFO 12232 --- [main] o.s.s.concurrent.ThreadPoolTaskExecutor  : Initializing ExecutorService 'applicationTaskExecutor'
2020-12-03 15:39:45.071  INFO 12232 --- [task-1] o.hibernate.jpa.internal.util.LogHelper  : HHH000204: Processing PersistenceUnitInfo [name: default]
2020-12-03 15:39:45.112  INFO 12232 --- [task-1] org.hibernate.Version                    : HHH000412: Hibernate ORM core version 5.4.22.Final
2020-12-03 15:39:45.166  WARN 12232 --- [main] JpaBaseConfiguration$JpaWebConfiguration : spring.jpa.open-in-view is enabled by default. Therefore, database queries may be performed during view rendering. Explicitly configure spring.jpa.open-in-view to disable this warning
2020-12-03 15:39:45.198  INFO 12232 --- [task-1] o.hibernate.annotations.common.Version   : HCANN000001: Hibernate Commons Annotations {5.1.0.Final}
2020-12-03 15:39:45.306  INFO 12232 --- [task-1] org.hibernate.dialect.Dialect            : HHH000400: Using dialect: org.hibernate.dialect.H2Dialect
2020-12-03 15:39:45.925  INFO 12232 --- [task-1] o.h.e.t.j.p.i.JtaPlatformInitiator       : HHH000490: Using JtaPlatform implementation: [org.hibernate.engine.transaction.jta.platform.internal.NoJtaPlatform]
2020-12-03 15:39:45.932  INFO 12232 --- [task-1] j.LocalContainerEntityManagerFactoryBean : Initialized JPA EntityManagerFactory for persistence unit 'default'
2020-12-03 15:39:46.522  INFO 12232 --- [main] o.s.s.web.DefaultSecurityFilterChain     : Creating filter chain: OrRequestMatcher [requestMatchers=[Ant [pattern='/oauth/token'], Ant [pattern='/oauth/token_key'], Ant [pattern='/oauth/check_token']]], [org.springframework.security.web.context.request.async.WebAsyncManagerIntegrationFilter@55574295, org.springframework.security.web.context.SecurityContextPersistenceFilter@2079fcfc, org.springframework.security.web.header.HeaderWriterFilter@1adfb5b8, org.springframework.security.web.authentication.logout.LogoutFilter@4452e13c, org.springframework.security.web.authentication.www.BasicAuthenticationFilter@66a99584, org.springframework.security.web.savedrequest.RequestCacheAwareFilter@5cb76070, org.springframework.security.web.servletapi.SecurityContextHolderAwareRequestFilter@24f2608b, org.springframework.security.web.authentication.AnonymousAuthenticationFilter@750457a5, org.springframework.security.web.session.SessionManagementFilter@1978b0d5, org.springframework.security.web.access.ExceptionTranslationFilter@285b491f, org.springframework.security.web.access.intercept.FilterSecurityInterceptor@66a8ff6d]
2020-12-03 15:39:46.530  INFO 12232 --- [main] o.s.s.web.DefaultSecurityFilterChain     : Creating filter chain: org.springframework.security.oauth2.config.annotation.web.configuration.ResourceServerConfiguration$NotOAuthRequestMatcher@6a7fc4c1, [org.springframework.security.web.context.request.async.WebAsyncManagerIntegrationFilter@270097ce, org.springframework.security.web.context.SecurityContextPersistenceFilter@48d464cf, org.springframework.security.web.header.HeaderWriterFilter@b1fa523, org.springframework.security.web.authentication.logout.LogoutFilter@77d3c3d7, org.springframework.security.oauth2.provider.authentication.OAuth2AuthenticationProcessingFilter@2c3b0cc8, org.springframework.security.web.savedrequest.RequestCacheAwareFilter@1e14b269, org.springframework.security.web.servletapi.SecurityContextHolderAwareRequestFilter@68543a35, org.springframework.security.web.authentication.AnonymousAuthenticationFilter@8b1170f, org.springframework.security.web.session.SessionManagementFilter@77307b51, org.springframework.security.web.access.ExceptionTranslationFilter@1999e1f5, org.springframework.security.web.access.intercept.FilterSecurityInterceptor@1842dc39]
2020-12-03 15:39:46.532  INFO 12232 --- [main] o.s.s.web.DefaultSecurityFilterChain     : Creating filter chain: any request, [org.springframework.security.web.context.request.async.WebAsyncManagerIntegrationFilter@1f1ffc18, org.springframework.security.web.context.SecurityContextPersistenceFilter@7146c6ea, org.springframework.security.web.header.HeaderWriterFilter@29e3c28, org.springframework.security.web.authentication.logout.LogoutFilter@3acc65f0, org.springframework.security.web.authentication.www.BasicAuthenticationFilter@534d0cfa, org.springframework.security.web.savedrequest.RequestCacheAwareFilter@a5d23c9, org.springframework.security.web.servletapi.SecurityContextHolderAwareRequestFilter@795131d6, org.springframework.security.web.authentication.AnonymousAuthenticationFilter@5a4e492c, org.springframework.security.web.session.SessionManagementFilter@480994d3, org.springframework.security.web.access.ExceptionTranslationFilter@1bbc1b90, org.springframework.security.web.access.intercept.FilterSecurityInterceptor@6244afc4]
2020-12-03 15:39:46.694  INFO 12232 --- [main] o.s.b.a.w.s.WelcomePageHandlerMapping    : Adding welcome page: class path resource [static/index.html]
2020-12-03 15:39:47.457  INFO 12232 --- [main] o.s.b.a.e.web.EndpointLinksResolver      : Exposing 2 endpoint(s) beneath base path '/actuator'
2020-12-03 15:39:47.563  INFO 12232 --- [main] o.s.b.w.embedded.tomcat.TomcatWebServer  : Tomcat started on port(s): 8080 (http) with context path ''
2020-12-03 15:39:47.566  INFO 12232 --- [main] DeferredRepositoryInitializationListener : Triggering deferred initialization of Spring Data repositories…
2020-12-03 15:39:47.683  INFO 12232 --- [main] DeferredRepositoryInitializationListener : Spring Data repositories initialized!
2020-12-03 15:39:47.701  INFO 12232 --- [main] com.example.ec.StylifyApplication        : Started StylifyApplication in 6.281 seconds (JVM running for 7.864)
2020-12-03 15:39:48.245  INFO 12232 --- [RMI TCP Connection(5)-192.168.99.1] o.a.c.c.C.[Tomcat].[localhost].[/]       : Initializing Spring DispatcherServlet 'dispatcherServlet'
2020-12-03 15:39:48.246  INFO 12232 --- [RMI TCP Connection(5)-192.168.99.1] o.s.web.servlet.DispatcherServlet        : Initializing Servlet 'dispatcherServlet'
2020-12-03 15:39:48.255  INFO 12232 --- [RMI TCP Connection(5)-192.168.99.1] o.s.web.servlet.DispatcherServlet        : Completed initialization in 9 ms
